<?xml version="1.0" encoding="utf-8"?><testsuites name="pytest tests"><testsuite name="pytest" errors="0" failures="0" skipped="0" tests="33" time="6.147" timestamp="2026-09-09T14:56:27.531658+00:00" hostname="agent-env-de7ccdd4-dcf7-4126-a032-278d81f1ae73"><testcase classname="tests.test_bookloop_api.TestAuth" name="test_root" time="0.220" /><testcase classname="tests.test_bookloop_api.TestAuth" name="test_login_existing" time="0.485" /><testcase classname="tests.test_bookloop_api.TestAuth" name="test_login_wrong_pw" time="0.438" /><testcase classname="tests.test_bookloop_api.TestSwapFlow" name="test_setup_books" time="1.442" /><testcase classname="tests.test_bookloop_api.TestAuth" name="test_me" time="0.144" /><testcase classname="tests.test_bookloop_api.TestAuth" name="test_me_no_token" time="0.151" /><testcase classname="tests.test_bookloop_api.TestAuth" name="test_google_session_invalid" time="0.311" /><testcase classname="tests.test_bookloop_api.TestSwapFlow" name="test_create_swap" time="0.155" /><testcase classname="tests.test_bookloop_api.TestSwapFlow" name="test_create_swap_self_forbidden" time="0.177" /><testcase classname="tests.test_bookloop_api.TestAuth" name="test_register_duplicate" time="0.158" /><testcase classname="tests.test_bookloop_api.TestSwapFlow" name="test_list_swaps_buckets" time="0.321" /><testcase classname="tests.test_bookloop_api.TestSwapFlow" name="test_get_swap_detail" time="0.231" /><testcase classname="tests.test_bookloop_api.TestAuth" name="test_logout" time="1.102" /><testcase classname="tests.test_bookloop_api.TestSwapFlow" name="test_send_message" time="0.395" /><testcase classname="tests.test_bookloop_api.TestSwapFlow" name="test_propose" time="0.162" /><testcase classname="tests.test_bookloop_api.TestSwapFlow" name="test_accept" time="0.346" /><testcase classname="tests.test_bookloop_api.TestBooks" name="test_create_book" time="0.153" /><testcase classname="tests.test_bookloop_api.TestBooks" name="test_list_books" time="0.144" /><testcase classname="tests.test_bookloop_api.TestSwapFlow" name="test_complete_both" time="0.814" /><testcase classname="tests.test_bookloop_api.TestBooks" name="test_book_detail" time="0.176" /><testcase classname="tests.test_bookloop_api.TestBooks" name="test_update_book" time="0.137" /><testcase classname="tests.test_bookloop_api.TestBooks" name="test_filter_status" time="0.177" /><testcase classname="tests.test_bookloop_api.TestBooks" name="test_delete_book" time="0.524" /><testcase classname="tests.test_bookloop_api.TestSwapFlow" name="test_rate" time="0.551" /><testcase classname="tests.test_bookloop_api.TestProfile" name="test_update_profile" time="0.164" /><testcase classname="tests.test_bookloop_api.TestProfile" name="test_get_user_public" time="0.224" /><testcase classname="tests.test_bookloop_api.TestDiscover" name="test_people" time="0.151" /><testcase classname="tests.test_bookloop_api.TestMap" name="test_clusters" time="0.156" /><testcase classname="tests.test_bookloop_api.TestDiscover" name="test_people_filter_genre" time="0.138" /><testcase classname="tests.test_bookloop_api.TestUpload" name="test_upload_image" time="0.771" /><testcase classname="tests.test_bookloop_api.TestDiscover" name="test_people_search" time="0.184" /><testcase classname="tests.test_bookloop_api.TestDiscover" name="test_books" time="0.260" /><testcase classname="tests.test_bookloop_api.TestNotifications" name="test_notifications" time="0.143" /></testsuite></testsuites>