<?xml version="1.0" encoding="utf-8"?><testsuites name="pytest tests"><testsuite name="pytest" errors="0" failures="0" skipped="0" tests="43" time="8.261" timestamp="2026-09-10T07:57:26.809106+00:00" hostname="agent-env-de7ccdd4-dcf7-4126-a032-278d81f1ae73"><testcase classname="tests.test_bookloop_api.TestAuth" name="test_root" time="0.155" /><testcase classname="tests.test_bookloop_api.TestAuth" name="test_login_existing" time="0.446" /><testcase classname="tests.test_bookloop_api.TestAuth" name="test_login_wrong_pw" time="0.444" /><testcase classname="tests.test_bookloop_api.TestAuth" name="test_me" time="0.137" /><testcase classname="tests.test_bookloop_api.TestSwapFlow" name="test_setup_books" time="1.368" /><testcase classname="tests.test_bookloop_api.TestAuth" name="test_me_no_token" time="0.122" /><testcase classname="tests.test_bookloop_api.TestAuth" name="test_google_session_invalid" time="0.224" /><testcase classname="tests.test_bookloop_api.TestSwapFlow" name="test_create_swap" time="0.135" /><testcase classname="tests.test_bookloop_api.TestSwapFlow" name="test_create_swap_self_forbidden" time="0.125" /><testcase classname="tests.test_bookloop_api.TestAuth" name="test_register_duplicate" time="0.175" /><testcase classname="tests.test_bookloop_api.TestSwapFlow" name="test_list_swaps_buckets" time="0.437" /><testcase classname="tests.test_bookloop_api.TestSwapFlow" name="test_get_swap_detail" time="0.347" /><testcase classname="tests.test_bookloop_api.TestAuth" name="test_logout" time="0.974" /><testcase classname="tests.test_bookloop_api.TestSwapFlow" name="test_send_message" time="0.194" /><testcase classname="tests.test_bookloop_api.TestSwapFlow" name="test_propose" time="0.131" /><testcase classname="tests.test_bookloop_api.TestBooks" name="test_create_book" time="0.125" /><testcase classname="tests.test_bookloop_api.TestSwapFlow" name="test_accept" time="0.278" /><testcase classname="tests.test_bookloop_api.TestBooks" name="test_list_books" time="0.142" /><testcase classname="tests.test_bookloop_api.TestBooks" name="test_book_detail" time="0.149" /><testcase classname="tests.test_bookloop_api.TestSwapFlow" name="test_complete_both" time="0.727" /><testcase classname="tests.test_bookloop_api.TestBooks" name="test_update_book" time="0.154" /><testcase classname="tests.test_bookloop_api.TestBooks" name="test_filter_status" time="0.134" /><testcase classname="tests.test_bookloop_api.TestBooks" name="test_delete_book" time="0.410" /><testcase classname="tests.test_bookloop_api.TestSwapFlow" name="test_rate" time="0.445" /><testcase classname="tests.test_bookloop_api.TestDiscover" name="test_people" time="0.144" /><testcase classname="tests.test_bookloop_api.TestDiscover" name="test_people_filter_genre" time="0.144" /><testcase classname="tests.test_bookloop_api.TestDiscover" name="test_people_search" time="0.161" /><testcase classname="tests.test_bookloop_api.TestBookSearch" name="test_search_requires_auth" time="0.117" /><testcase classname="tests.test_bookloop_api.TestDiscover" name="test_books" time="0.140" /><testcase classname="tests.test_bookloop_api.TestBookSearch" name="test_search_returns_results" time="0.946" /><testcase classname="tests.test_bookloop_api.TestChatImage" name="test_setup_swap" time="0.126" /><testcase classname="tests.test_bookloop_api.TestChatImage" name="test_empty_message_rejected" time="0.166" /><testcase classname="tests.test_bookloop_api.TestChatImage" name="test_image_message_created" time="0.126" /><testcase classname="tests.test_bookloop_api.TestChatImage" name="test_image_message_visible_in_detail" time="0.123" /><testcase classname="tests.test_bookloop_api.TestProfile" name="test_update_profile" time="0.122" /><testcase classname="tests.test_bookloop_api.TestProfile" name="test_get_user_public" time="0.145" /><testcase classname="tests.test_bookloop_api.TestMap" name="test_clusters" time="0.139" /><testcase classname="tests.test_bookloop_api.TestBookSearch" name="test_search_too_short" time="0.163" /><testcase classname="tests.test_bookloop_api.TestUpload" name="test_upload_image" time="0.878" /><testcase classname="tests.test_bookloop_api.TestBookSearch" name="test_isbn_lookup" time="0.404" /><testcase classname="tests.test_bookloop_api.TestBookSearch" name="test_isbn_unknown_fallback" time="0.347" /><testcase classname="tests.test_bookloop_api.TestUserReviews" name="test_reviews_shape" time="1.530" /><testcase classname="tests.test_bookloop_api.TestNotifications" name="test_notifications" time="0.133" /></testsuite></testsuites>